<?xml version="1.0" encoding="UTF-8"?>
<!-- Generated by org.testng.reporters.JUnitXMLReporter -->
<testsuite hostname="Krishnakumar-PC" ignored="0" name="Free CRM App Test Cases" tests="10" failures="0" timestamp="13 May 2020 12:24:31 GMT" time="163.741" errors="0">
  <testcase name="loginPagetitleTest" time="0.016" classname="com.crm.qa.testcases.LoginPageTest"/>
  <testcase name="verifyContactsLabelTest" time="0.066" classname="com.crm.qa.testcases.ContactsPageTest"/>
  <testcase name="homePageTitleTest" time="0.007" classname="com.crm.qa.testcases.HomePageTest"/>
  <testcase name="crmLOGOImgTest" time="0.085" classname="com.crm.qa.testcases.LoginPageTest"/>
  <testcase name="selectContactsTest" time="0.38" classname="com.crm.qa.testcases.ContactsPageTest"/>
  <testcase name="verifyUserNameTest" time="0.079" classname="com.crm.qa.testcases.HomePageTest"/>
  <testcase name="loginTest" time="7.961" classname="com.crm.qa.testcases.LoginPageTest"/>
  <testcase name="verifyContactsPageLinkTest" time="2.9" classname="com.crm.qa.testcases.HomePageTest"/>
  <testcase name="verifyDealsPageLinkTest" time="1.319" classname="com.crm.qa.testcases.HomePageTest"/>
  <testcase name="VeriryTasksPageLinkTest" time="1.425" classname="com.crm.qa.testcases.HomePageTest"/>
</testsuite> <!-- Free CRM App Test Cases -->
