<?xml version="1.0" encoding="UTF-8"?>
<!-- Generated by org.testng.reporters.JUnitXMLReporter -->
<testsuite hostname="Krishnakumar-PC" ignored="0" name="Default test" tests="5" failures="0" timestamp="17 Jul 2020 12:49:14 GMT" time="79.723" errors="0">
  <testcase name="homePageTitleTest" time="0.013" classname="com.crm.qa.testcases.HomePageTest"/>
  <testcase name="verifyUserNameTest" time="0.211" classname="com.crm.qa.testcases.HomePageTest"/>
  <testcase name="verifyContactsPageLinkTest" time="1.25" classname="com.crm.qa.testcases.HomePageTest"/>
  <testcase name="verifyDealsPageLinkTest" time="1.381" classname="com.crm.qa.testcases.HomePageTest"/>
  <testcase name="VeriryTasksPageLinkTest" time="1.256" classname="com.crm.qa.testcases.HomePageTest"/>
</testsuite> <!-- Default test -->
