<?xml version="1.0" encoding="UTF-8"?>
<!-- Generated by org.testng.reporters.JUnitXMLReporter -->
<testsuite hostname="Krishnakumar-PC" ignored="0" name="Command line test" tests="11" failures="0" timestamp="17 Jul 2020 17:54:43 GMT" time="162.149" errors="0">
  <testcase name="validateSearch" time="1.718" classname="com.crm.qa.testcases.ContactsPageTest"/>
  <testcase name="validateSearch" time="1.276" classname="com.crm.qa.testcases.ContactsPageTest"/>
  <testcase name="validateSearch" time="2.109" classname="com.crm.qa.testcases.ContactsPageTest"/>
  <testcase name="homePageTitleTest" time="0.009" classname="com.crm.qa.testcases.HomePageTest"/>
  <testcase name="loginPagetitleTest" time="0.008" classname="com.crm.qa.testcases.LoginPageTest"/>
  <testcase name="verifyUserNameTest" time="0.082" classname="com.crm.qa.testcases.HomePageTest"/>
  <testcase name="crmLOGOImgTest" time="0.113" classname="com.crm.qa.testcases.LoginPageTest"/>
  <testcase name="verifyContactsPageLinkTest" time="1.287" classname="com.crm.qa.testcases.HomePageTest"/>
  <testcase name="loginTest" time="6.501" classname="com.crm.qa.testcases.LoginPageTest"/>
  <testcase name="verifyDealsPageLinkTest" time="1.14" classname="com.crm.qa.testcases.HomePageTest"/>
  <testcase name="VeriryTasksPageLinkTest" time="1.151" classname="com.crm.qa.testcases.HomePageTest"/>
</testsuite> <!-- Command line test -->
