<?xml version="1.0" encoding="UTF-8"?>
<!-- Generated by org.testng.reporters.JUnitXMLReporter -->
<testsuite hostname="Krishnakumar-PC" ignored="0" name="Command line test" tests="5" failures="0" timestamp="16 Jul 2020 17:02:31 GMT" time="92.786" errors="0">
  <testcase name="validateSearch" time="1.219" classname="com.crm.qa.testcases.ContactsPageTest"/>
  <testcase name="validateSearch" time="1.534" classname="com.crm.qa.testcases.ContactsPageTest"/>
  <testcase name="validateSearch" time="1.597" classname="com.crm.qa.testcases.ContactsPageTest"/>
  <testcase name="homePageTitleTest" time="0.009" classname="com.crm.qa.testcases.HomePageTest"/>
  <testcase name="loginPagetitleTest" time="0.016" classname="com.crm.qa.testcases.LoginPageTest"/>
</testsuite> <!-- Command line test -->
