<?xml version="1.0" encoding="UTF-8"?>
<!-- Generated by org.testng.reporters.JUnitXMLReporter -->
<testsuite hostname="Krishnakumar-PC" ignored="0" name="Free CRM App Test Cases" tests="11" failures="0" timestamp="17 Jul 2020 17:46:20 GMT" time="186.976" errors="0">
  <testcase name="validateSearch" time="1.301" classname="com.crm.qa.testcases.ContactsPageTest"/>
  <testcase name="validateSearch" time="2.116" classname="com.crm.qa.testcases.ContactsPageTest"/>
  <testcase name="validateSearch" time="1.25" classname="com.crm.qa.testcases.ContactsPageTest"/>
  <testcase name="loginPagetitleTest" time="0.022" classname="com.crm.qa.testcases.LoginPageTest"/>
  <testcase name="homePageTitleTest" time="0.008" classname="com.crm.qa.testcases.HomePageTest"/>
  <testcase name="crmLOGOImgTest" time="0.134" classname="com.crm.qa.testcases.LoginPageTest"/>
  <testcase name="verifyUserNameTest" time="0.086" classname="com.crm.qa.testcases.HomePageTest"/>
  <testcase name="loginTest" time="6.079" classname="com.crm.qa.testcases.LoginPageTest"/>
  <testcase name="verifyContactsPageLinkTest" time="1.449" classname="com.crm.qa.testcases.HomePageTest"/>
  <testcase name="verifyDealsPageLinkTest" time="1.339" classname="com.crm.qa.testcases.HomePageTest"/>
  <testcase name="VeriryTasksPageLinkTest" time="1.11" classname="com.crm.qa.testcases.HomePageTest"/>
</testsuite> <!-- Free CRM App Test Cases -->
