<?xml version="1.0" encoding="UTF-8"?>
<!-- Generated by org.testng.reporters.JUnitXMLReporter -->
<testsuite hostname="Krishnakumar-PC" ignored="0" name="Free CRM App Test Cases" tests="4" failures="0" timestamp="17 Jul 2020 12:51:57 GMT" time="62.49" errors="0">
  <testcase name="validateSearch" time="1.242" classname="com.crm.qa.testcases.ContactsPageTest"/>
  <testcase name="validateSearch" time="1.221" classname="com.crm.qa.testcases.ContactsPageTest"/>
  <testcase name="validateSearch" time="1.23" classname="com.crm.qa.testcases.ContactsPageTest"/>
  <testcase name="loginPagetitleTest" time="0.059" classname="com.crm.qa.testcases.LoginPageTest"/>
</testsuite> <!-- Free CRM App Test Cases -->
