<?xml version="1.0" encoding="UTF-8" ?>
<testsuite tests="11" failures="0" name="TestSuite" time="15.395" errors="0" skipped="0">
  <properties>
[...]
</properties>
  <testcase classname="com.crm.qa.testcases.ContactsPageTest" name="validateSearch" time="1.721"/>
  <testcase classname="com.crm.qa.testcases.ContactsPageTest" name="validateSearch" time="1.277"/>
  <testcase classname="com.crm.qa.testcases.ContactsPageTest" name="validateSearch" time="2.11"/>
  <testcase classname="com.crm.qa.testcases.HomePageTest" name="homePageTitleTest" time="0.01"/>
  <testcase classname="com.crm.qa.testcases.LoginPageTest" name="loginPagetitleTest" time="0.007"/>
  <testcase classname="com.crm.qa.testcases.HomePageTest" name="verifyUserNameTest" time="0.081"/>
  <testcase classname="com.crm.qa.testcases.LoginPageTest" name="crmLOGOImgTest" time="0.112"/>
  <testcase classname="com.crm.qa.testcases.HomePageTest" name="verifyContactsPageLinkTest" time="1.287"/>
  <testcase classname="com.crm.qa.testcases.LoginPageTest" name="loginTest" time="6.501"/>
  <testcase classname="com.crm.qa.testcases.HomePageTest" name="verifyDealsPageLinkTest" time="1.139"/>
  <testcase classname="com.crm.qa.testcases.HomePageTest" name="VeriryTasksPageLinkTest" time="1.15"/>
</testsuite>