<?xml version="1.0" encoding="UTF-8"?>
<testng-results skipped="0" failed="0" ignored="0" total="11" passed="11">
  <reporter-output>
  </reporter-output>
  <suite name="Command line suite" duration-ms="162149" started-at="2020-07-17T17:52:01Z" finished-at="2020-07-17T17:54:43Z">
    <groups>
    </groups>
    <test name="Command line test" duration-ms="162149" started-at="2020-07-17T17:52:01Z" finished-at="2020-07-17T17:54:43Z">
      <class name="com.crm.qa.testcases.HomePageTest">
        <test-method status="PASS" signature="setUp()[pri:0, instance:com.crm.qa.testcases.HomePageTest@124409e]" name="setUp" is-config="true" duration-ms="13287" started-at="2020-07-17T23:22:56Z" finished-at="2020-07-17T23:23:09Z">
          <reporter-output>
          </reporter-output>
        </test-method> <!-- setUp -->
        <test-method status="PASS" signature="homePageTitleTest()[pri:1, instance:com.crm.qa.testcases.HomePageTest@124409e]" name="homePageTitleTest" duration-ms="9" started-at="2020-07-17T23:23:09Z" finished-at="2020-07-17T23:23:09Z">
          <reporter-output>
          </reporter-output>
        </test-method> <!-- homePageTitleTest -->
        <test-method status="PASS" signature="tierDown()[pri:0, instance:com.crm.qa.testcases.HomePageTest@124409e]" name="tierDown" is-config="true" duration-ms="1029" started-at="2020-07-17T23:23:09Z" finished-at="2020-07-17T23:23:10Z">
          <reporter-output>
          </reporter-output>
        </test-method> <!-- tierDown -->
        <test-method status="PASS" signature="setUp()[pri:0, instance:com.crm.qa.testcases.HomePageTest@124409e]" name="setUp" is-config="true" duration-ms="13926" started-at="2020-07-17T23:23:18Z" finished-at="2020-07-17T23:23:32Z">
          <reporter-output>
          </reporter-output>
        </test-method> <!-- setUp -->
        <test-method status="PASS" signature="verifyUserNameTest()[pri:2, instance:com.crm.qa.testcases.HomePageTest@124409e]" name="verifyUserNameTest" duration-ms="82" started-at="2020-07-17T23:23:32Z" finished-at="2020-07-17T23:23:32Z">
          <reporter-output>
          </reporter-output>
        </test-method> <!-- verifyUserNameTest -->
        <test-method status="PASS" signature="tierDown()[pri:0, instance:com.crm.qa.testcases.HomePageTest@124409e]" name="tierDown" is-config="true" duration-ms="591" started-at="2020-07-17T23:23:32Z" finished-at="2020-07-17T23:23:33Z">
          <reporter-output>
          </reporter-output>
        </test-method> <!-- tierDown -->
        <test-method status="PASS" signature="setUp()[pri:0, instance:com.crm.qa.testcases.HomePageTest@124409e]" name="setUp" is-config="true" duration-ms="13801" started-at="2020-07-17T23:23:41Z" finished-at="2020-07-17T23:23:55Z">
          <reporter-output>
          </reporter-output>
        </test-method> <!-- setUp -->
        <test-method status="PASS" signature="verifyContactsPageLinkTest()[pri:3, instance:com.crm.qa.testcases.HomePageTest@124409e]" name="verifyContactsPageLinkTest" duration-ms="1287" started-at="2020-07-17T23:23:55Z" finished-at="2020-07-17T23:23:56Z">
          <reporter-output>
          </reporter-output>
        </test-method> <!-- verifyContactsPageLinkTest -->
        <test-method status="PASS" signature="tierDown()[pri:0, instance:com.crm.qa.testcases.HomePageTest@124409e]" name="tierDown" is-config="true" duration-ms="593" started-at="2020-07-17T23:23:56Z" finished-at="2020-07-17T23:23:57Z">
          <reporter-output>
          </reporter-output>
        </test-method> <!-- tierDown -->
        <test-method status="PASS" signature="setUp()[pri:0, instance:com.crm.qa.testcases.HomePageTest@124409e]" name="setUp" is-config="true" duration-ms="14172" started-at="2020-07-17T23:24:12Z" finished-at="2020-07-17T23:24:26Z">
          <reporter-output>
          </reporter-output>
        </test-method> <!-- setUp -->
        <test-method status="PASS" signature="verifyDealsPageLinkTest()[pri:4, instance:com.crm.qa.testcases.HomePageTest@124409e]" name="verifyDealsPageLinkTest" duration-ms="1140" started-at="2020-07-17T23:24:26Z" finished-at="2020-07-17T23:24:27Z">
          <reporter-output>
          </reporter-output>
        </test-method> <!-- verifyDealsPageLinkTest -->
        <test-method status="PASS" signature="tierDown()[pri:0, instance:com.crm.qa.testcases.HomePageTest@124409e]" name="tierDown" is-config="true" duration-ms="610" started-at="2020-07-17T23:24:27Z" finished-at="2020-07-17T23:24:28Z">
          <reporter-output>
          </reporter-output>
        </test-method> <!-- tierDown -->
        <test-method status="PASS" signature="setUp()[pri:0, instance:com.crm.qa.testcases.HomePageTest@124409e]" name="setUp" is-config="true" duration-ms="13893" started-at="2020-07-17T23:24:28Z" finished-at="2020-07-17T23:24:41Z">
          <reporter-output>
          </reporter-output>
        </test-method> <!-- setUp -->
        <test-method status="PASS" signature="VeriryTasksPageLinkTest()[pri:5, instance:com.crm.qa.testcases.HomePageTest@124409e]" name="VeriryTasksPageLinkTest" duration-ms="1151" started-at="2020-07-17T23:24:41Z" finished-at="2020-07-17T23:24:43Z">
          <reporter-output>
          </reporter-output>
        </test-method> <!-- VeriryTasksPageLinkTest -->
        <test-method status="PASS" signature="tierDown()[pri:0, instance:com.crm.qa.testcases.HomePageTest@124409e]" name="tierDown" is-config="true" duration-ms="590" started-at="2020-07-17T23:24:43Z" finished-at="2020-07-17T23:24:43Z">
          <reporter-output>
          </reporter-output>
        </test-method> <!-- tierDown -->
      </class> <!-- com.crm.qa.testcases.HomePageTest -->
      <class name="com.crm.qa.testcases.ContactsPageTest">
        <test-method status="PASS" signature="setUp()[pri:0, instance:com.crm.qa.testcases.ContactsPageTest@bc464]" name="setUp" is-config="true" duration-ms="15772" started-at="2020-07-17T23:22:02Z" finished-at="2020-07-17T23:22:17Z">
          <reporter-output>
          </reporter-output>
        </test-method> <!-- setUp -->
        <test-method status="PASS" signature="validateSearch(java.lang.String)[pri:0, instance:com.crm.qa.testcases.ContactsPageTest@bc464]" name="validateSearch" duration-ms="1718" started-at="2020-07-17T23:22:17Z" data-provider="getCrmTestData" finished-at="2020-07-17T23:22:19Z">
          <params>
            <param index="0">
              <value>
                <![CDATA[Google]]>
              </value>
            </param>
          </params>
          <reporter-output>
          </reporter-output>
        </test-method> <!-- validateSearch -->
        <test-method status="PASS" signature="tierDown()[pri:0, instance:com.crm.qa.testcases.ContactsPageTest@bc464]" name="tierDown" is-config="true" duration-ms="621" started-at="2020-07-17T23:22:19Z" finished-at="2020-07-17T23:22:20Z">
          <reporter-output>
          </reporter-output>
        </test-method> <!-- tierDown -->
        <test-method status="PASS" signature="setUp()[pri:0, instance:com.crm.qa.testcases.ContactsPageTest@bc464]" name="setUp" is-config="true" duration-ms="15768" started-at="2020-07-17T23:22:20Z" finished-at="2020-07-17T23:22:35Z">
          <reporter-output>
          </reporter-output>
        </test-method> <!-- setUp -->
        <test-method status="PASS" signature="validateSearch(java.lang.String)[pri:0, instance:com.crm.qa.testcases.ContactsPageTest@bc464]" name="validateSearch" duration-ms="1276" started-at="2020-07-17T23:22:35Z" data-provider="getCrmTestData" finished-at="2020-07-17T23:22:37Z">
          <params>
            <param index="0">
              <value>
                <![CDATA[Amazon]]>
              </value>
            </param>
          </params>
          <reporter-output>
          </reporter-output>
        </test-method> <!-- validateSearch -->
        <test-method status="PASS" signature="tierDown()[pri:0, instance:com.crm.qa.testcases.ContactsPageTest@bc464]" name="tierDown" is-config="true" duration-ms="596" started-at="2020-07-17T23:22:37Z" finished-at="2020-07-17T23:22:37Z">
          <reporter-output>
          </reporter-output>
        </test-method> <!-- tierDown -->
        <test-method status="PASS" signature="setUp()[pri:0, instance:com.crm.qa.testcases.ContactsPageTest@bc464]" name="setUp" is-config="true" duration-ms="15858" started-at="2020-07-17T23:22:37Z" finished-at="2020-07-17T23:22:53Z">
          <reporter-output>
          </reporter-output>
        </test-method> <!-- setUp -->
        <test-method status="PASS" signature="validateSearch(java.lang.String)[pri:0, instance:com.crm.qa.testcases.ContactsPageTest@bc464]" name="validateSearch" duration-ms="2109" started-at="2020-07-17T23:22:53Z" data-provider="getCrmTestData" finished-at="2020-07-17T23:22:55Z">
          <params>
            <param index="0">
              <value>
                <![CDATA[facebook]]>
              </value>
            </param>
          </params>
          <reporter-output>
          </reporter-output>
        </test-method> <!-- validateSearch -->
        <test-method status="PASS" signature="tierDown()[pri:0, instance:com.crm.qa.testcases.ContactsPageTest@bc464]" name="tierDown" is-config="true" duration-ms="600" started-at="2020-07-17T23:22:55Z" finished-at="2020-07-17T23:22:56Z">
          <reporter-output>
          </reporter-output>
        </test-method> <!-- tierDown -->
      </class> <!-- com.crm.qa.testcases.ContactsPageTest -->
      <class name="com.crm.qa.testcases.LoginPageTest">
        <test-method status="PASS" signature="setUp()[pri:0, instance:com.crm.qa.testcases.LoginPageTest@6a3f77]" name="setUp" is-config="true" duration-ms="7584" started-at="2020-07-17T23:23:10Z" finished-at="2020-07-17T23:23:18Z">
          <reporter-output>
          </reporter-output>
        </test-method> <!-- setUp -->
        <test-method status="PASS" signature="loginPagetitleTest()[pri:1, instance:com.crm.qa.testcases.LoginPageTest@6a3f77]" name="loginPagetitleTest" duration-ms="8" started-at="2020-07-17T23:23:18Z" finished-at="2020-07-17T23:23:18Z">
          <reporter-output>
          </reporter-output>
        </test-method> <!-- loginPagetitleTest -->
        <test-method status="PASS" signature="tierDown()[pri:0, instance:com.crm.qa.testcases.LoginPageTest@6a3f77]" name="tierDown" is-config="true" duration-ms="567" started-at="2020-07-17T23:23:18Z" finished-at="2020-07-17T23:23:18Z">
          <reporter-output>
          </reporter-output>
        </test-method> <!-- tierDown -->
        <test-method status="PASS" signature="setUp()[pri:0, instance:com.crm.qa.testcases.LoginPageTest@6a3f77]" name="setUp" is-config="true" duration-ms="7541" started-at="2020-07-17T23:23:33Z" finished-at="2020-07-17T23:23:41Z">
          <reporter-output>
          </reporter-output>
        </test-method> <!-- setUp -->
        <test-method status="PASS" signature="crmLOGOImgTest()[pri:2, instance:com.crm.qa.testcases.LoginPageTest@6a3f77]" name="crmLOGOImgTest" duration-ms="113" started-at="2020-07-17T23:23:41Z" finished-at="2020-07-17T23:23:41Z">
          <reporter-output>
          </reporter-output>
        </test-method> <!-- crmLOGOImgTest -->
        <test-method status="PASS" signature="tierDown()[pri:0, instance:com.crm.qa.testcases.LoginPageTest@6a3f77]" name="tierDown" is-config="true" duration-ms="616" started-at="2020-07-17T23:23:41Z" finished-at="2020-07-17T23:23:41Z">
          <reporter-output>
          </reporter-output>
        </test-method> <!-- tierDown -->
        <test-method status="PASS" signature="setUp()[pri:0, instance:com.crm.qa.testcases.LoginPageTest@6a3f77]" name="setUp" is-config="true" duration-ms="7595" started-at="2020-07-17T23:23:57Z" finished-at="2020-07-17T23:24:05Z">
          <reporter-output>
          </reporter-output>
        </test-method> <!-- setUp -->
        <test-method status="PASS" signature="loginTest()[pri:3, instance:com.crm.qa.testcases.LoginPageTest@6a3f77]" name="loginTest" duration-ms="6501" started-at="2020-07-17T23:24:05Z" finished-at="2020-07-17T23:24:11Z">
          <reporter-output>
          </reporter-output>
        </test-method> <!-- loginTest -->
        <test-method status="PASS" signature="tierDown()[pri:0, instance:com.crm.qa.testcases.LoginPageTest@6a3f77]" name="tierDown" is-config="true" duration-ms="592" started-at="2020-07-17T23:24:11Z" finished-at="2020-07-17T23:24:12Z">
          <reporter-output>
          </reporter-output>
        </test-method> <!-- tierDown -->
      </class> <!-- com.crm.qa.testcases.LoginPageTest -->
    </test> <!-- Command line test -->
  </suite> <!-- Command line suite -->
</testng-results>
