<?xml version="1.0" encoding="UTF-8"?>
<!-- Generated by org.testng.reporters.JUnitXMLReporter -->
<testsuite hostname="Krishnakumar-PC" ignored="0" name="Amazon Login Test" tests="2" failures="0" timestamp="12 Jun 2020 12:34:33 GMT" time="22.158" errors="0">
  <testcase name="loginTest" time="3.858" classname="com.crm.qa.testcases.AmazonLoginPageTest"/>
  <testcase name="verifyHomePageTitle" time="4.173" classname="com.crm.qa.testcases.AmazonLoginPageTest"/>
</testsuite> <!-- Amazon Login Test -->
